Arguments: 
  /Users/sander/.nvm/versions/node/v18.3.0/bin/node /Users/sander/.nvm/versions/node/v18.3.0/bin/yarn test:cover

PATH: 
  /Users/sander/.pyenv/shims:/Users/sander/.nvm/versions/node/v18.3.0/bin:/Users/sander/bin:/usr/local/bin:/Users/sander/.cargo/bin:/usr/local/bin:/usr/bin:/bin:/usr/sbin:/sbin:/Library/TeX/texbin:/opt/X11/bin:/Library/Apple/usr/bin:/Users/sander/bin:/Users/sander/.cargo/bin:/usr/local/sbin:/usr/local/opt/fzf/bin:/usr/local/sbin

Yarn version: 
  1.22.19

Node version: 
  18.3.0

Platform: 
  darwin x64

Trace: 
  SyntaxError: /Users/sander/prg/js/diff-dat/package.json: Unexpected string in JSON at position 156
      at JSON.parse (<anonymous>)
      at /Users/sander/.nvm/versions/node/v18.3.0/lib/node_modules/yarn/lib/cli.js:1629:59
      at Generator.next (<anonymous>)
      at step (/Users/sander/.nvm/versions/node/v18.3.0/lib/node_modules/yarn/lib/cli.js:310:30)
      at /Users/sander/.nvm/versions/node/v18.3.0/lib/node_modules/yarn/lib/cli.js:321:13

npm manifest: 
  {
    "name": "diff-dat",
    "version": "1.0.0",
    "description": "",
    "main": "src/index.mjs",
    "scripts": {
      "test": "mocha \"test/**/*.spec.mjs\""
      "test:cover": "c8 --check-coverage --statements 99.9 --branches 99.7 --functions 100 --lines 99.9 --reporter text-summary --reporter html --reporter json-summary npm test"
    },
    "keywords": [],
    "author": "Sander Verweij (https://sverweij.github.io/)",
    "license": "MIT",
    "devDependencies": {
      "c8": "^7.11.3",
      "mocha": "^10.0.0"
    }
  }

yarn manifest: 
  No manifest

Lockfile: 
  No lockfile
